<?xml version="1.0" encoding="UTF-8"?>
<!-- Generated by org.testng.reporters.JUnitReportReporter -->
<testsuite skipped="0" hostname="IN-MH1LPW101184" name="com.mastek.monark.hybrid.TestsWeb.Scenario2" tests="2" failures="0" timestamp="26 Nov 2018 12:29:30 GMT" time="5.758" errors="0">
  <testcase name="TC001" time="3.170" classname="com.mastek.monark.hybrid.TestsWeb.Scenario2"/>
  <testcase name="TC002" time="2.588" classname="com.mastek.monark.hybrid.TestsWeb.Scenario2"/>
</testsuite> <!-- com.mastek.monark.hybrid.TestsWeb.Scenario2 -->
