<?xml version="1.0" encoding="UTF-8"?>
<!-- Generated by org.testng.reporters.JUnitReportReporter -->
<testsuite skipped="0" hostname="IN-MH1LPW101184" name="com.mastek.monark.hybrid.TestsWeb.Scenario1" tests="2" failures="0" timestamp="26 Nov 2018 12:29:20 GMT" time="7.736" errors="0">
  <testcase name="TC001" time="4.083" classname="com.mastek.monark.hybrid.TestsWeb.Scenario1"/>
  <testcase name="TC001" time="3.653" classname="com.mastek.monark.hybrid.TestsWeb.Scenario1"/>
</testsuite> <!-- com.mastek.monark.hybrid.TestsWeb.Scenario1 -->
