<?xml version="1.0" encoding="UTF-8"?>
<!-- Generated by org.testng.reporters.JUnitReportReporter -->
<testsuite skipped="0" hostname="IN-MH1LPW101177" name="com.mastek.monark.hybrid.TestsWeb.GridExampleTest" tests="1" failures="0" timestamp="22 Oct 2018 14:48:24 GMT" time="6.969" errors="0">
  <testcase name="testGooglePageTitleInIEBrowser" time="6.969" classname="com.mastek.monark.hybrid.TestsWeb.GridExampleTest"/>
</testsuite> <!-- com.mastek.monark.hybrid.TestsWeb.GridExampleTest -->
