<?xml version="1.0" encoding="UTF-8"?>
<!-- Generated by org.testng.reporters.JUnitReportReporter -->
<testsuite skipped="0" hostname="IN-MH1LPW101177" name="com.mastek.monark.hybrid.TestsWeb.FifthTest" tests="1" failures="0" timestamp="24 Oct 2018 08:54:22 GMT" time="24.162" errors="0">
  <testcase name="execute" time="24.162" classname="com.mastek.monark.hybrid.TestsWeb.FifthTest"/>
</testsuite> <!-- com.mastek.monark.hybrid.TestsWeb.FifthTest -->
