<?xml version="1.0" encoding="UTF-8"?>
<!-- Generated by org.testng.reporters.JUnitReportReporter -->
<testsuite skipped="0" hostname="IN-MH1LPW101177" name="com.mastek.monark.hybrid.TestsWeb.Monark" tests="2" failures="0" timestamp="11 Nov 2018 18:15:14 GMT" time="0.036" errors="0">
  <testcase name="execute" time="0.016" classname="com.mastek.monark.hybrid.TestsWeb.Monark"/>
  <testcase name="execute" time="0.020" classname="com.mastek.monark.hybrid.TestsWeb.Monark"/>
</testsuite> <!-- com.mastek.monark.hybrid.TestsWeb.Monark -->
