<?xml version="1.0" encoding="UTF-8"?>
<!-- Generated by org.testng.reporters.JUnitReportReporter -->
<testsuite skipped="0" hostname="IN-MH1LPW101184" name="com.mastek.monark.hybrid.Core.Core" tests="1" failures="0" timestamp="26 Nov 2018 12:29:30 GMT" time="20.687" errors="0">
  <testcase name="execute" time="20.687" classname="com.mastek.monark.hybrid.Core.Core"/>
</testsuite> <!-- com.mastek.monark.hybrid.Core.Core -->
